<?xml version="1.0" encoding="UTF-8"?>
<!-- Generated by org.testng.reporters.JUnitXMLReporter -->
<testsuite ignored="0" hostname="DESKTOP-29610L1" failures="0" tests="11" name="TutorialsNinja Test Cases" time="87.526" errors="0" timestamp="2023-12-16T10:16:05 IST">
  <testcase classname="com.TutorialsNinja.TestCases.Register" name="VerifyRegisterAccountProvidingOnlyMandatoryFields" time="4.096"/>
  <testcase classname="com.TutorialsNinja.TestCases.Register" name="VerifyRegisteringAccountByProvidingAllFileds" time="1.911"/>
  <testcase classname="com.TutorialsNinja.TestCases.Register" name="VerifyRegistringAccountByProvidingExistingEmailId" time="1.814"/>
  <testcase classname="com.TutorialsNinja.TestCases.Register" name="VerifyRegisteringAccountWithOutFillingAnyDetails" time="1.462"/>
  <testcase classname="com.TutorialsNinja.TestCases.Login" name="VerifyLoginWithValidCredentials" time="1.417"/>
  <testcase classname="com.TutorialsNinja.TestCases.Login" name="VerifyLoginWithValidCredentials" time="1.149"/>
  <testcase classname="com.TutorialsNinja.TestCases.Login" name="VerifyLoginWithValidCredentials" time="1.259"/>
  <testcase classname="com.TutorialsNinja.TestCases.Login" name="VerifyLoginWithInValidCredentials" time="1.158"/>
  <testcase classname="com.TutorialsNinja.TestCases.Login" name="VerifyLoginWithInValidEmailandValidPassword" time="1.13"/>
  <testcase classname="com.TutorialsNinja.TestCases.Login" name="VerifyLoginWithValidEmailandInvalidPassword" time="0.964"/>
  <testcase classname="com.TutorialsNinja.TestCases.Search" name="VerifySearchWithValidProduct" time="1.124"/>
</testsuite> <!-- TutorialsNinja Test Cases -->
