<?xml version="1.0" encoding="UTF-8"?>
<testng-results ignored="0" total="13" passed="13" failed="0" skipped="0">
  <reporter-output>
  </reporter-output>
  <suite started-at="2023-12-16T10:09:20 IST" name="TutorialsNinja Automation Suite" finished-at="2023-12-16T10:11:36 IST" duration-ms="136091">
    <groups>
    </groups>
    <test started-at="2023-12-16T10:09:20 IST" name="TutorialsNinja Test Cases" finished-at="2023-12-16T10:11:36 IST" duration-ms="136091">
      <class name="com.TutorialsNinja.TestCases.Search">
        <test-method is-config="true" signature="setUp()[pri:0, instance:com.TutorialsNinja.TestCases.Search@28701274]" started-at="2023-12-16T10:11:20 IST" name="setUp" finished-at="2023-12-16T10:11:26 IST" duration-ms="6014" status="PASS">
          <reporter-output>
          </reporter-output>
        </test-method> <!-- setUp -->
        <test-method signature="VerifySearchWithValidProduct()[pri:1, instance:com.TutorialsNinja.TestCases.Search@28701274]" started-at="2023-12-16T10:11:26 IST" name="VerifySearchWithValidProduct" finished-at="2023-12-16T10:11:26 IST" duration-ms="888" status="PASS">
          <reporter-output>
          </reporter-output>
        </test-method> <!-- VerifySearchWithValidProduct -->
        <test-method is-config="true" signature="tearDown()[pri:0, instance:com.TutorialsNinja.TestCases.Search@28701274]" started-at="2023-12-16T10:11:26 IST" name="tearDown" finished-at="2023-12-16T10:11:27 IST" duration-ms="472" status="PASS">
          <reporter-output>
          </reporter-output>
        </test-method> <!-- tearDown -->
        <test-method is-config="true" signature="setUp()[pri:0, instance:com.TutorialsNinja.TestCases.Search@28701274]" started-at="2023-12-16T10:11:27 IST" name="setUp" finished-at="2023-12-16T10:11:30 IST" duration-ms="3105" status="PASS">
          <reporter-output>
          </reporter-output>
        </test-method> <!-- setUp -->
        <test-method signature="VerifySearchWithInValidProduct()[pri:2, instance:com.TutorialsNinja.TestCases.Search@28701274]" started-at="2023-12-16T10:11:30 IST" name="VerifySearchWithInValidProduct" finished-at="2023-12-16T10:11:31 IST" duration-ms="1405" status="PASS">
          <reporter-output>
          </reporter-output>
        </test-method> <!-- VerifySearchWithInValidProduct -->
        <test-method is-config="true" signature="tearDown()[pri:0, instance:com.TutorialsNinja.TestCases.Search@28701274]" started-at="2023-12-16T10:11:31 IST" name="tearDown" finished-at="2023-12-16T10:11:32 IST" duration-ms="552" status="PASS">
          <reporter-output>
          </reporter-output>
        </test-method> <!-- tearDown -->
        <test-method is-config="true" signature="setUp()[pri:0, instance:com.TutorialsNinja.TestCases.Search@28701274]" started-at="2023-12-16T10:11:32 IST" name="setUp" finished-at="2023-12-16T10:11:35 IST" duration-ms="2624" status="PASS">
          <reporter-output>
          </reporter-output>
        </test-method> <!-- setUp -->
        <test-method signature="VerifySearchWithOutAnyProduct()[pri:3, instance:com.TutorialsNinja.TestCases.Search@28701274]" started-at="2023-12-16T10:11:35 IST" name="VerifySearchWithOutAnyProduct" finished-at="2023-12-16T10:11:35 IST" duration-ms="559" status="PASS">
          <reporter-output>
          </reporter-output>
        </test-method> <!-- VerifySearchWithOutAnyProduct -->
        <test-method is-config="true" signature="tearDown()[pri:0, instance:com.TutorialsNinja.TestCases.Search@28701274]" started-at="2023-12-16T10:11:35 IST" name="tearDown" finished-at="2023-12-16T10:11:36 IST" duration-ms="636" status="PASS">
          <reporter-output>
          </reporter-output>
        </test-method> <!-- tearDown -->
      </class> <!-- com.TutorialsNinja.TestCases.Search -->
      <class name="com.TutorialsNinja.TestCases.Login">
        <test-method is-config="true" signature="setUp()[pri:0, instance:com.TutorialsNinja.TestCases.Login@36fc695d]" started-at="2023-12-16T10:10:36 IST" name="setUp" finished-at="2023-12-16T10:10:43 IST" duration-ms="7042" status="PASS">
          <reporter-output>
          </reporter-output>
        </test-method> <!-- setUp -->
        <test-method signature="VerifyLoginWithValidCredentials(java.lang.String,java.lang.String)[pri:1, instance:com.TutorialsNinja.TestCases.Login@36fc695d]" started-at="2023-12-16T10:10:43 IST" name="VerifyLoginWithValidCredentials" data-provider="ValidCredentialsSupplier" finished-at="2023-12-16T10:10:45 IST" duration-ms="2303" status="PASS">
          <params>
            <param index="0">
              <value>
                <![CDATA[mygmail123@gmail.com]]>
              </value>
            </param>
            <param index="1">
              <value>
                <![CDATA[12345]]>
              </value>
            </param>
          </params>
          <reporter-output>
          </reporter-output>
        </test-method> <!-- VerifyLoginWithValidCredentials -->
        <test-method is-config="true" signature="teardown()[pri:0, instance:com.TutorialsNinja.TestCases.Login@36fc695d]" started-at="2023-12-16T10:10:45 IST" name="teardown" finished-at="2023-12-16T10:10:46 IST" duration-ms="450" status="PASS">
          <reporter-output>
          </reporter-output>
        </test-method> <!-- teardown -->
        <test-method is-config="true" signature="setUp()[pri:0, instance:com.TutorialsNinja.TestCases.Login@36fc695d]" started-at="2023-12-16T10:10:46 IST" name="setUp" finished-at="2023-12-16T10:10:50 IST" duration-ms="3890" status="PASS">
          <reporter-output>
          </reporter-output>
        </test-method> <!-- setUp -->
        <test-method signature="VerifyLoginWithValidCredentials(java.lang.String,java.lang.String)[pri:1, instance:com.TutorialsNinja.TestCases.Login@36fc695d]" started-at="2023-12-16T10:10:50 IST" name="VerifyLoginWithValidCredentials" data-provider="ValidCredentialsSupplier" finished-at="2023-12-16T10:10:51 IST" duration-ms="1061" status="PASS">
          <params>
            <param index="0">
              <value>
                <![CDATA[mygmail321@gmail.com]]>
              </value>
            </param>
            <param index="1">
              <value>
                <![CDATA[12345]]>
              </value>
            </param>
          </params>
          <reporter-output>
          </reporter-output>
        </test-method> <!-- VerifyLoginWithValidCredentials -->
        <test-method is-config="true" signature="teardown()[pri:0, instance:com.TutorialsNinja.TestCases.Login@36fc695d]" started-at="2023-12-16T10:10:51 IST" name="teardown" finished-at="2023-12-16T10:10:51 IST" duration-ms="454" status="PASS">
          <reporter-output>
          </reporter-output>
        </test-method> <!-- teardown -->
        <test-method is-config="true" signature="setUp()[pri:0, instance:com.TutorialsNinja.TestCases.Login@36fc695d]" started-at="2023-12-16T10:10:51 IST" name="setUp" finished-at="2023-12-16T10:10:56 IST" duration-ms="4479" status="PASS">
          <reporter-output>
          </reporter-output>
        </test-method> <!-- setUp -->
        <test-method signature="VerifyLoginWithValidCredentials(java.lang.String,java.lang.String)[pri:1, instance:com.TutorialsNinja.TestCases.Login@36fc695d]" started-at="2023-12-16T10:10:56 IST" name="VerifyLoginWithValidCredentials" data-provider="ValidCredentialsSupplier" finished-at="2023-12-16T10:10:57 IST" duration-ms="959" status="PASS">
          <params>
            <param index="0">
              <value>
                <![CDATA[mygmail8@gmail.com]]>
              </value>
            </param>
            <param index="1">
              <value>
                <![CDATA[12345]]>
              </value>
            </param>
          </params>
          <reporter-output>
          </reporter-output>
        </test-method> <!-- VerifyLoginWithValidCredentials -->
        <test-method is-config="true" signature="teardown()[pri:0, instance:com.TutorialsNinja.TestCases.Login@36fc695d]" started-at="2023-12-16T10:10:57 IST" name="teardown" finished-at="2023-12-16T10:10:57 IST" duration-ms="440" status="PASS">
          <reporter-output>
          </reporter-output>
        </test-method> <!-- teardown -->
        <test-method is-config="true" signature="setUp()[pri:0, instance:com.TutorialsNinja.TestCases.Login@36fc695d]" started-at="2023-12-16T10:10:57 IST" name="setUp" finished-at="2023-12-16T10:11:02 IST" duration-ms="5258" status="PASS">
          <reporter-output>
          </reporter-output>
        </test-method> <!-- setUp -->
        <test-method signature="VerifyLoginWithInValidCredentials()[pri:2, instance:com.TutorialsNinja.TestCases.Login@36fc695d]" started-at="2023-12-16T10:11:02 IST" name="VerifyLoginWithInValidCredentials" finished-at="2023-12-16T10:11:04 IST" duration-ms="2045" status="PASS">
          <reporter-output>
          </reporter-output>
        </test-method> <!-- VerifyLoginWithInValidCredentials -->
        <test-method is-config="true" signature="teardown()[pri:0, instance:com.TutorialsNinja.TestCases.Login@36fc695d]" started-at="2023-12-16T10:11:04 IST" name="teardown" finished-at="2023-12-16T10:11:05 IST" duration-ms="562" status="PASS">
          <reporter-output>
          </reporter-output>
        </test-method> <!-- teardown -->
        <test-method is-config="true" signature="setUp()[pri:0, instance:com.TutorialsNinja.TestCases.Login@36fc695d]" started-at="2023-12-16T10:11:05 IST" name="setUp" finished-at="2023-12-16T10:11:11 IST" duration-ms="5740" status="PASS">
          <reporter-output>
          </reporter-output>
        </test-method> <!-- setUp -->
        <test-method signature="VerifyLoginWithInValidEmailandValidPassword()[pri:3, instance:com.TutorialsNinja.TestCases.Login@36fc695d]" started-at="2023-12-16T10:11:11 IST" name="VerifyLoginWithInValidEmailandValidPassword" finished-at="2023-12-16T10:11:12 IST" duration-ms="995" status="PASS">
          <reporter-output>
          </reporter-output>
        </test-method> <!-- VerifyLoginWithInValidEmailandValidPassword -->
        <test-method is-config="true" signature="teardown()[pri:0, instance:com.TutorialsNinja.TestCases.Login@36fc695d]" started-at="2023-12-16T10:11:12 IST" name="teardown" finished-at="2023-12-16T10:11:12 IST" duration-ms="575" status="PASS">
          <reporter-output>
          </reporter-output>
        </test-method> <!-- teardown -->
        <test-method is-config="true" signature="setUp()[pri:0, instance:com.TutorialsNinja.TestCases.Login@36fc695d]" started-at="2023-12-16T10:11:12 IST" name="setUp" finished-at="2023-12-16T10:11:17 IST" duration-ms="4908" status="PASS">
          <reporter-output>
          </reporter-output>
        </test-method> <!-- setUp -->
        <test-method signature="VerifyLoginWithValidEmailandInvalidPassword()[pri:4, instance:com.TutorialsNinja.TestCases.Login@36fc695d]" started-at="2023-12-16T10:11:17 IST" name="VerifyLoginWithValidEmailandInvalidPassword" finished-at="2023-12-16T10:11:19 IST" duration-ms="1767" status="PASS">
          <reporter-output>
          </reporter-output>
        </test-method> <!-- VerifyLoginWithValidEmailandInvalidPassword -->
        <test-method is-config="true" signature="teardown()[pri:0, instance:com.TutorialsNinja.TestCases.Login@36fc695d]" started-at="2023-12-16T10:11:19 IST" name="teardown" finished-at="2023-12-16T10:11:20 IST" duration-ms="570" status="PASS">
          <reporter-output>
          </reporter-output>
        </test-method> <!-- teardown -->
      </class> <!-- com.TutorialsNinja.TestCases.Login -->
      <class name="com.TutorialsNinja.TestCases.Register">
        <test-method is-config="true" signature="setUp()[pri:0, instance:com.TutorialsNinja.TestCases.Register@2a3b5b47]" started-at="2023-12-16T10:09:20 IST" name="setUp" finished-at="2023-12-16T10:09:42 IST" duration-ms="21428" status="PASS">
          <reporter-output>
          </reporter-output>
        </test-method> <!-- setUp -->
        <test-method signature="VerifyRegisterAccountProvidingOnlyMandatoryFields()[pri:1, instance:com.TutorialsNinja.TestCases.Register@2a3b5b47]" started-at="2023-12-16T10:09:42 IST" name="VerifyRegisterAccountProvidingOnlyMandatoryFields" finished-at="2023-12-16T10:09:45 IST" duration-ms="3385" status="PASS">
          <reporter-output>
          </reporter-output>
        </test-method> <!-- VerifyRegisterAccountProvidingOnlyMandatoryFields -->
        <test-method is-config="true" signature="teardown()[pri:0, instance:com.TutorialsNinja.TestCases.Register@2a3b5b47]" started-at="2023-12-16T10:09:45 IST" name="teardown" finished-at="2023-12-16T10:09:46 IST" duration-ms="576" status="PASS">
          <reporter-output>
          </reporter-output>
        </test-method> <!-- teardown -->
        <test-method is-config="true" signature="setUp()[pri:0, instance:com.TutorialsNinja.TestCases.Register@2a3b5b47]" started-at="2023-12-16T10:09:46 IST" name="setUp" finished-at="2023-12-16T10:10:13 IST" duration-ms="27106" status="PASS">
          <reporter-output>
          </reporter-output>
        </test-method> <!-- setUp -->
        <test-method signature="VerifyRegisteringAccountByProvidingAllFileds()[pri:2, instance:com.TutorialsNinja.TestCases.Register@2a3b5b47]" started-at="2023-12-16T10:10:13 IST" name="VerifyRegisteringAccountByProvidingAllFileds" finished-at="2023-12-16T10:10:19 IST" duration-ms="6449" status="PASS">
          <reporter-output>
          </reporter-output>
        </test-method> <!-- VerifyRegisteringAccountByProvidingAllFileds -->
        <test-method is-config="true" signature="teardown()[pri:0, instance:com.TutorialsNinja.TestCases.Register@2a3b5b47]" started-at="2023-12-16T10:10:19 IST" name="teardown" finished-at="2023-12-16T10:10:20 IST" duration-ms="556" status="PASS">
          <reporter-output>
          </reporter-output>
        </test-method> <!-- teardown -->
        <test-method is-config="true" signature="setUp()[pri:0, instance:com.TutorialsNinja.TestCases.Register@2a3b5b47]" started-at="2023-12-16T10:10:20 IST" name="setUp" finished-at="2023-12-16T10:10:26 IST" duration-ms="6013" status="PASS">
          <reporter-output>
          </reporter-output>
        </test-method> <!-- setUp -->
        <test-method signature="VerifyRegistringAccountByProvidingExistingEmailId()[pri:3, instance:com.TutorialsNinja.TestCases.Register@2a3b5b47]" started-at="2023-12-16T10:10:26 IST" name="VerifyRegistringAccountByProvidingExistingEmailId" finished-at="2023-12-16T10:10:28 IST" depends-on-methods="com.TutorialsNinja.TestCases.Register.VerifyRegisteringAccountByProvidingAllFileds" duration-ms="1780" status="PASS">
          <reporter-output>
          </reporter-output>
        </test-method> <!-- VerifyRegistringAccountByProvidingExistingEmailId -->
        <test-method is-config="true" signature="teardown()[pri:0, instance:com.TutorialsNinja.TestCases.Register@2a3b5b47]" started-at="2023-12-16T10:10:28 IST" name="teardown" finished-at="2023-12-16T10:10:28 IST" duration-ms="506" status="PASS">
          <reporter-output>
          </reporter-output>
        </test-method> <!-- teardown -->
        <test-method is-config="true" signature="setUp()[pri:0, instance:com.TutorialsNinja.TestCases.Register@2a3b5b47]" started-at="2023-12-16T10:10:28 IST" name="setUp" finished-at="2023-12-16T10:10:33 IST" duration-ms="4613" status="PASS">
          <reporter-output>
          </reporter-output>
        </test-method> <!-- setUp -->
        <test-method signature="VerifyRegisteringAccountWithOutFillingAnyDetails()[pri:4, instance:com.TutorialsNinja.TestCases.Register@2a3b5b47]" started-at="2023-12-16T10:10:33 IST" name="VerifyRegisteringAccountWithOutFillingAnyDetails" finished-at="2023-12-16T10:10:34 IST" duration-ms="1027" status="PASS">
          <reporter-output>
          </reporter-output>
        </test-method> <!-- VerifyRegisteringAccountWithOutFillingAnyDetails -->
        <test-method is-config="true" signature="teardown()[pri:0, instance:com.TutorialsNinja.TestCases.Register@2a3b5b47]" started-at="2023-12-16T10:10:34 IST" name="teardown" finished-at="2023-12-16T10:10:35 IST" duration-ms="545" status="PASS">
          <reporter-output>
          </reporter-output>
        </test-method> <!-- teardown -->
      </class> <!-- com.TutorialsNinja.TestCases.Register -->
    </test> <!-- TutorialsNinja Test Cases -->
  </suite> <!-- TutorialsNinja Automation Suite -->
</testng-results>
